2021-08-04 00:00:31,687 INFO com.karthick.hospitalmanagement.doctorservice.DoctorServiceApplication [restartedMain]  Starting DoctorServiceApplication using Java 13.0.1 on LAPTOP-N3QV70TU with PID 13616 (D:\Development\spring-boot-hospital-management\doctor-service\target\classes started by Karthi in D:\Development\spring-boot-hospital-management\doctor-service)
2021-08-04 00:00:31,693 DEBUG com.karthick.hospitalmanagement.doctorservice.DoctorServiceApplication [restartedMain]  Running with Spring Boot v2.5.2, Spring v5.3.8
2021-08-04 00:00:31,694 INFO com.karthick.hospitalmanagement.doctorservice.DoctorServiceApplication [restartedMain]  No active profile set, falling back to default profiles: default
2021-08-04 00:00:53,545 INFO com.karthick.hospitalmanagement.doctorservice.DoctorServiceApplication [restartedMain]  Started DoctorServiceApplication in 23.277 seconds (JVM running for 24.527)
2021-08-04 06:34:49,894 INFO com.karthick.hospitalmanagement.doctorservice.DoctorServiceApplication [restartedMain]  Starting DoctorServiceApplication using Java 13.0.1 on LAPTOP-N3QV70TU with PID 14664 (D:\Development\spring-boot-hospital-management\doctor-service\target\classes started by Karthi in D:\Development\spring-boot-hospital-management\doctor-service)
2021-08-04 06:34:49,920 DEBUG com.karthick.hospitalmanagement.doctorservice.DoctorServiceApplication [restartedMain]  Running with Spring Boot v2.5.2, Spring v5.3.8
2021-08-04 06:34:49,920 INFO com.karthick.hospitalmanagement.doctorservice.DoctorServiceApplication [restartedMain]  No active profile set, falling back to default profiles: default
2021-08-04 06:35:42,753 INFO com.karthick.hospitalmanagement.doctorservice.DoctorServiceApplication [restartedMain]  Started DoctorServiceApplication in 55.79 seconds (JVM running for 58.488)
2021-08-04 06:37:19,414 ERROR com.karthick.hospitalmanagement.doctorservice.controller.DoctorController [http-nio-8101-exec-1] traceId=4daf08f494e56a0f, spanId=4daf08f494e56a0f Error happend
2021-08-04 06:37:19,416 INFO com.karthick.hospitalmanagement.doctorservice.controller.DoctorController [http-nio-8101-exec-1] traceId=4daf08f494e56a0f, spanId=4daf08f494e56a0f get doctor details info
2021-08-04 06:37:30,243 ERROR com.karthick.hospitalmanagement.doctorservice.controller.DoctorController [http-nio-8101-exec-9] traceId=fac23b00f8f465fb, spanId=c48358e12acf4a8f Error happend
2021-08-04 06:37:30,244 INFO com.karthick.hospitalmanagement.doctorservice.controller.DoctorController [http-nio-8101-exec-9] traceId=fac23b00f8f465fb, spanId=c48358e12acf4a8f get doctor details info
2021-08-04 06:44:53,662 INFO com.karthick.hospitalmanagement.doctorservice.DoctorServiceApplication [restartedMain]  Starting DoctorServiceApplication using Java 13.0.1 on LAPTOP-N3QV70TU with PID 11372 (D:\Development\spring-boot-hospital-management\doctor-service\target\classes started by Karthi in D:\Development\spring-boot-hospital-management\doctor-service)
2021-08-04 06:44:53,703 DEBUG com.karthick.hospitalmanagement.doctorservice.DoctorServiceApplication [restartedMain]  Running with Spring Boot v2.5.2, Spring v5.3.8
2021-08-04 06:44:53,703 INFO com.karthick.hospitalmanagement.doctorservice.DoctorServiceApplication [restartedMain]  No active profile set, falling back to default profiles: default
2021-08-04 06:45:34,659 INFO com.karthick.hospitalmanagement.doctorservice.DoctorServiceApplication [restartedMain]  Started DoctorServiceApplication in 44.14 seconds (JVM running for 48.037)
2021-08-04 06:49:37,735 ERROR com.karthick.hospitalmanagement.doctorservice.controller.DoctorController [http-nio-8101-exec-4] traceId=edd2806a4617f036, spanId=edd2806a4617f036 Error happend
2021-08-04 06:49:37,736 INFO com.karthick.hospitalmanagement.doctorservice.controller.DoctorController [http-nio-8101-exec-4] traceId=edd2806a4617f036, spanId=edd2806a4617f036 get doctor details info
2021-08-04 06:49:47,771 ERROR com.karthick.hospitalmanagement.doctorservice.controller.DoctorController [http-nio-8101-exec-3] traceId=cc80941cc21be0ec, spanId=cf2278bb1910fdb1 Error happend
2021-08-04 06:49:47,772 INFO com.karthick.hospitalmanagement.doctorservice.controller.DoctorController [http-nio-8101-exec-3] traceId=cc80941cc21be0ec, spanId=cf2278bb1910fdb1 get doctor details info
2021-08-04 06:53:45,140 ERROR com.karthick.hospitalmanagement.doctorservice.controller.DoctorController [http-nio-8101-exec-6] traceId=17a311d5595746b0, spanId=587b8f6d911dfba2 Error happend
2021-08-04 06:53:45,140 INFO com.karthick.hospitalmanagement.doctorservice.controller.DoctorController [http-nio-8101-exec-6] traceId=17a311d5595746b0, spanId=587b8f6d911dfba2 get doctor details info
